<?xml version="1.0" encoding="UTF-8"?>
<testsuite name="consultaVuelosLatam" tests="2" skipped="0" failures="0" errors="0" timestamp="2022-05-03T19:14:43" hostname="DESKTOP-1EP5HQ0" time="36.813">
  <properties/>
  <testcase name="flights consultant in LATAM" classname="consultaVuelosLatam" time="20.328"/>
  <testcase name="flights consultant in LATAM" classname="consultaVuelosLatam" time="16.479"/>
  <system-out><![CDATA[]]></system-out>
  <system-err><![CDATA[[Test worker] WARN net.thucydides.core.steps.BaseStepListener - stepStarted: net.thucydides.core.steps.ExecutedStepDescription@33a6d3e8
[Test worker] WARN net.thucydides.core.steps.BaseStepListener - stepStarted: net.thucydides.core.steps.ExecutedStepDescription@763b5671
[Test worker] WARN net.thucydides.core.steps.BaseStepListener - stepStarted: net.thucydides.core.steps.ExecutedStepDescription@4505e65f
may 03, 2022 2:14:43 PM org.openqa.selenium.remote.DesiredCapabilities chrome
INFORMACIÓN: Using `new ChromeOptions()` is preferred to `DesiredCapabilities.chrome()`
[Test worker] INFO net.serenitybdd.core.webdriver.driverproviders.ProvideNewDriver - Instantiating driver
[Test worker] INFO net.serenitybdd.core.webdriver.driverproviders.ProvideNewDriver - Driver capabilities: Capabilities {acceptInsecureCerts: false, browserName: chrome, chrome.switches: --start-maximized, goog:chromeOptions: {args: [--start-maximized], extensions: []}, loggingPrefs: org.openqa.selenium.logging..., platform: ANY, version: }
Starting ChromeDriver 100.0.4896.60 (6a5d10861ce8de5fce22564658033b43cb7de047-refs/branch-heads/4896@{#875}) on port 29221
Only local connections are allowed.
Please see https://chromedriver.chromium.org/security-considerations for suggestions on keeping ChromeDriver safe.
ChromeDriver was started successfully.
may 03, 2022 2:14:47 PM org.openqa.selenium.remote.ProtocolHandshake createSession
INFORMACIÓN: Detected dialect: W3C
[Test worker] WARN net.thucydides.core.steps.BaseStepListener - stepFinished: current outcome:flights consultant in LATAM:Example: {trayecto=Solo ida, origen=Pereira, PEI - Colombia, destino=Medellín, MDE - Colombia, idafecha=jue. 9 de jun, vueltafecha=dom. 12 de jun} [Given LATAM Airlines Customer [Fernando open up [Fernando opens the Open latam page]]]
[Test worker] WARN net.thucydides.core.steps.BaseStepListener - stepFinished: current outcome:flights consultant in LATAM:Example: {trayecto=Solo ida, origen=Pereira, PEI - Colombia, destino=Medellín, MDE - Colombia, idafecha=jue. 9 de jun, vueltafecha=dom. 12 de jun} [Given LATAM Airlines Customer [Fernando open up [Fernando opens the Open latam page]]]
[Test worker] WARN net.thucydides.core.steps.BaseStepListener - stepFinished: current outcome:flights consultant in LATAM:Example: {trayecto=Solo ida, origen=Pereira, PEI - Colombia, destino=Medellín, MDE - Colombia, idafecha=jue. 9 de jun, vueltafecha=dom. 12 de jun} [Given LATAM Airlines Customer [Fernando open up [Fernando opens the Open latam page]]]
[Test worker] WARN net.thucydides.core.steps.BaseStepListener - stepStarted: net.thucydides.core.steps.ExecutedStepDescription@6dff52fd
[Test worker] WARN net.thucydides.core.steps.BaseStepListener - stepStarted: net.thucydides.core.steps.ExecutedStepDescription@57f07efa
[Test worker] WARN net.thucydides.core.steps.BaseStepListener - stepStarted: net.thucydides.core.steps.ExecutedStepDescription@39eb3fe5
[Test worker] WARN net.thucydides.core.steps.BaseStepListener - stepFinished: current outcome:flights consultant in LATAM:Example: {trayecto=Solo ida, origen=Pereira, PEI - Colombia, destino=Medellín, MDE - Colombia, idafecha=jue. 9 de jun, vueltafecha=dom. 12 de jun} [Given LATAM Airlines Customer [Fernando open up [Fernando opens the Open latam page]], When check available flights
| trayecto | origen | destino | idafecha | vueltafecha |
| Solo ida | Pereira, PEI - Colombia | Medellín, MDE - Colombia | jue. 9 de jun | dom. 12 de jun | [Fernando consulta vuelos latam [Fernando clicks on click on round trip option]]]
[Test worker] WARN net.thucydides.core.steps.BaseStepListener - stepStarted: net.thucydides.core.steps.ExecutedStepDescription@563c0514
[Test worker] WARN net.thucydides.core.steps.BaseStepListener - stepFinished: current outcome:flights consultant in LATAM:Example: {trayecto=Solo ida, origen=Pereira, PEI - Colombia, destino=Medellín, MDE - Colombia, idafecha=jue. 9 de jun, vueltafecha=dom. 12 de jun} [Given LATAM Airlines Customer [Fernando open up [Fernando opens the Open latam page]], When check available flights
| trayecto | origen | destino | idafecha | vueltafecha |
| Solo ida | Pereira, PEI - Colombia | Medellín, MDE - Colombia | jue. 9 de jun | dom. 12 de jun | [Fernando consulta vuelos latam [Fernando clicks on click on round trip option, Fernando clicks on click go option]]]
[Test worker] WARN net.thucydides.core.steps.BaseStepListener - stepStarted: net.thucydides.core.steps.ExecutedStepDescription@27d9e6c6
[Test worker] WARN net.thucydides.core.steps.BaseStepListener - stepFinished: current outcome:flights consultant in LATAM:Example: {trayecto=Solo ida, origen=Pereira, PEI - Colombia, destino=Medellín, MDE - Colombia, idafecha=jue. 9 de jun, vueltafecha=dom. 12 de jun} [Given LATAM Airlines Customer [Fernando open up [Fernando opens the Open latam page]], When check available flights
| trayecto | origen | destino | idafecha | vueltafecha |
| Solo ida | Pereira, PEI - Colombia | Medellín, MDE - Colombia | jue. 9 de jun | dom. 12 de jun | [Fernando consulta vuelos latam [Fernando clicks on click on round trip option, Fernando clicks on click go option, Fernando enters 'Pereira, PEI - Colombia' into click on round trip option]]]
[Test worker] WARN net.thucydides.core.steps.BaseStepListener - stepStarted: net.thucydides.core.steps.ExecutedStepDescription@6343565d
[Test worker] WARN net.thucydides.core.steps.BaseStepListener - stepFinished: current outcome:flights consultant in LATAM:Example: {trayecto=Solo ida, origen=Pereira, PEI - Colombia, destino=Medellín, MDE - Colombia, idafecha=jue. 9 de jun, vueltafecha=dom. 12 de jun} [Given LATAM Airlines Customer [Fernando open up [Fernando opens the Open latam page]], When check available flights
| trayecto | origen | destino | idafecha | vueltafecha |
| Solo ida | Pereira, PEI - Colombia | Medellín, MDE - Colombia | jue. 9 de jun | dom. 12 de jun | [Fernando consulta vuelos latam [Fernando clicks on click on round trip option, Fernando clicks on click go option, Fernando enters 'Pereira, PEI - Colombia' into click on round trip option, Fernando clicks on click on round trip option]]]
[Test worker] WARN net.thucydides.core.steps.BaseStepListener - stepStarted: net.thucydides.core.steps.ExecutedStepDescription@3213a0da
[Test worker] WARN net.thucydides.core.steps.BaseStepListener - stepFinished: current outcome:flights consultant in LATAM:Example: {trayecto=Solo ida, origen=Pereira, PEI - Colombia, destino=Medellín, MDE - Colombia, idafecha=jue. 9 de jun, vueltafecha=dom. 12 de jun} [Given LATAM Airlines Customer [Fernando open up [Fernando opens the Open latam page]], When check available flights
| trayecto | origen | destino | idafecha | vueltafecha |
| Solo ida | Pereira, PEI - Colombia | Medellín, MDE - Colombia | jue. 9 de jun | dom. 12 de jun | [Fernando consulta vuelos latam [Fernando clicks on click on round trip option, Fernando clicks on click go option, Fernando enters 'Pereira, PEI - Colombia' into click on round trip option, Fernando clicks on click on round trip option, Fernando enters 'Medellín, MDE - Colombia' into click on round trip option]]]
[Test worker] WARN net.thucydides.core.steps.BaseStepListener - stepStarted: net.thucydides.core.steps.ExecutedStepDescription@1851587d
[Test worker] WARN net.thucydides.core.steps.BaseStepListener - stepFinished: current outcome:flights consultant in LATAM:Example: {trayecto=Solo ida, origen=Pereira, PEI - Colombia, destino=Medellín, MDE - Colombia, idafecha=jue. 9 de jun, vueltafecha=dom. 12 de jun} [Given LATAM Airlines Customer [Fernando open up [Fernando opens the Open latam page]], When check available flights
| trayecto | origen | destino | idafecha | vueltafecha |
| Solo ida | Pereira, PEI - Colombia | Medellín, MDE - Colombia | jue. 9 de jun | dom. 12 de jun | [Fernando consulta vuelos latam [Fernando clicks on click on round trip option, Fernando clicks on click go option, Fernando enters 'Pereira, PEI - Colombia' into click on round trip option, Fernando clicks on click on round trip option, Fernando enters 'Medellín, MDE - Colombia' into click on round trip option, Fernando clicks on click on round trip option]]]
[Test worker] WARN net.thucydides.core.steps.BaseStepListener - stepStarted: net.thucydides.core.steps.ExecutedStepDescription@368efa87
[Test worker] WARN net.thucydides.core.steps.BaseStepListener - stepFinished: current outcome:flights consultant in LATAM:Example: {trayecto=Solo ida, origen=Pereira, PEI - Colombia, destino=Medellín, MDE - Colombia, idafecha=jue. 9 de jun, vueltafecha=dom. 12 de jun} [Given LATAM Airlines Customer [Fernando open up [Fernando opens the Open latam page]], When check available flights
| trayecto | origen | destino | idafecha | vueltafecha |
| Solo ida | Pereira, PEI - Colombia | Medellín, MDE - Colombia | jue. 9 de jun | dom. 12 de jun | [Fernando consulta vuelos latam [Fernando clicks on click on round trip option, Fernando clicks on click go option, Fernando enters 'Pereira, PEI - Colombia' into click on round trip option, Fernando clicks on click on round trip option, Fernando enters 'Medellín, MDE - Colombia' into click on round trip option, Fernando clicks on click on round trip option, Fernando clicks on click on round trip option]]]
[Test worker] WARN net.thucydides.core.steps.BaseStepListener - stepFinished: current outcome:flights consultant in LATAM:Example: {trayecto=Solo ida, origen=Pereira, PEI - Colombia, destino=Medellín, MDE - Colombia, idafecha=jue. 9 de jun, vueltafecha=dom. 12 de jun} [Given LATAM Airlines Customer [Fernando open up [Fernando opens the Open latam page]], When check available flights
| trayecto | origen | destino | idafecha | vueltafecha |
| Solo ida | Pereira, PEI - Colombia | Medellín, MDE - Colombia | jue. 9 de jun | dom. 12 de jun | [Fernando consulta vuelos latam [Fernando clicks on click on round trip option, Fernando clicks on click go option, Fernando enters 'Pereira, PEI - Colombia' into click on round trip option, Fernando clicks on click on round trip option, Fernando enters 'Medellín, MDE - Colombia' into click on round trip option, Fernando clicks on click on round trip option, Fernando clicks on click on round trip option]]]
[Test worker] WARN net.thucydides.core.steps.BaseStepListener - stepFinished: current outcome:flights consultant in LATAM:Example: {trayecto=Solo ida, origen=Pereira, PEI - Colombia, destino=Medellín, MDE - Colombia, idafecha=jue. 9 de jun, vueltafecha=dom. 12 de jun} [Given LATAM Airlines Customer [Fernando open up [Fernando opens the Open latam page]], When check available flights
| trayecto | origen | destino | idafecha | vueltafecha |
| Solo ida | Pereira, PEI - Colombia | Medellín, MDE - Colombia | jue. 9 de jun | dom. 12 de jun | [Fernando consulta vuelos latam [Fernando clicks on click on round trip option, Fernando clicks on click go option, Fernando enters 'Pereira, PEI - Colombia' into click on round trip option, Fernando clicks on click on round trip option, Fernando enters 'Medellín, MDE - Colombia' into click on round trip option, Fernando clicks on click on round trip option, Fernando clicks on click on round trip option]]]
[Test worker] WARN net.thucydides.core.steps.BaseStepListener - stepStarted: net.thucydides.core.steps.ExecutedStepDescription@44b249f7
[Test worker] WARN net.thucydides.core.steps.BaseStepListener - stepFinished: current outcome:flights consultant in LATAM:Example: {trayecto=Solo ida, origen=Pereira, PEI - Colombia, destino=Medellín, MDE - Colombia, idafecha=jue. 9 de jun, vueltafecha=dom. 12 de jun} [Given LATAM Airlines Customer [Fernando open up [Fernando opens the Open latam page]], When check available flights
| trayecto | origen | destino | idafecha | vueltafecha |
| Solo ida | Pereira, PEI - Colombia | Medellín, MDE - Colombia | jue. 9 de jun | dom. 12 de jun | [Fernando consulta vuelos latam [Fernando clicks on click on round trip option, Fernando clicks on click go option, Fernando enters 'Pereira, PEI - Colombia' into click on round trip option, Fernando clicks on click on round trip option, Fernando enters 'Medellín, MDE - Colombia' into click on round trip option, Fernando clicks on click on round trip option, Fernando clicks on click on round trip option]], Then Know the options and prices that they offer me]
[Test worker] WARN net.thucydides.core.steps.BaseStepListener - stepFinished: current outcome:flights consultant in LATAM:Example: {trayecto=Solo ida, origen=Pereira, PEI - Colombia, destino=Medellín, MDE - Colombia, idafecha=jue. 9 de jun, vueltafecha=dom. 12 de jun} [Given LATAM Airlines Customer [Fernando open up [Fernando opens the Open latam page]], When check available flights
| trayecto | origen | destino | idafecha | vueltafecha |
| Solo ida | Pereira, PEI - Colombia | Medellín, MDE - Colombia | jue. 9 de jun | dom. 12 de jun | [Fernando consulta vuelos latam [Fernando clicks on click on round trip option, Fernando clicks on click go option, Fernando enters 'Pereira, PEI - Colombia' into click on round trip option, Fernando clicks on click on round trip option, Fernando enters 'Medellín, MDE - Colombia' into click on round trip option, Fernando clicks on click on round trip option, Fernando clicks on click on round trip option]], Then Know the options and prices that they offer me]
[Test worker] WARN net.thucydides.core.steps.BaseStepListener - testFinished: flights consultant in LATAM:Example: {trayecto=Solo ida, origen=Pereira, PEI - Colombia, destino=Medellín, MDE - Colombia, idafecha=jue. 9 de jun, vueltafecha=dom. 12 de jun} [Given LATAM Airlines Customer [Fernando open up [Fernando opens the Open latam page]], When check available flights
| trayecto | origen | destino | idafecha | vueltafecha |
| Solo ida | Pereira, PEI - Colombia | Medellín, MDE - Colombia | jue. 9 de jun | dom. 12 de jun | [Fernando consulta vuelos latam [Fernando clicks on click on round trip option, Fernando clicks on click go option, Fernando enters 'Pereira, PEI - Colombia' into click on round trip option, Fernando clicks on click on round trip option, Fernando enters 'Medellín, MDE - Colombia' into click on round trip option, Fernando clicks on click on round trip option, Fernando clicks on click on round trip option]], Then Know the options and prices that they offer me]
[Test worker] WARN net.thucydides.core.steps.BaseStepListener - TestOutcomes: [flights consultant in LATAM:Example: {trayecto=Solo ida, origen=Pereira, PEI - Colombia, destino=Medellín, MDE - Colombia, idafecha=jue. 9 de jun, vueltafecha=dom. 12 de jun} [Given LATAM Airlines Customer [Fernando open up [Fernando opens the Open latam page]], When check available flights
| trayecto | origen | destino | idafecha | vueltafecha |
| Solo ida | Pereira, PEI - Colombia | Medellín, MDE - Colombia | jue. 9 de jun | dom. 12 de jun | [Fernando consulta vuelos latam [Fernando clicks on click on round trip option, Fernando clicks on click go option, Fernando enters 'Pereira, PEI - Colombia' into click on round trip option, Fernando clicks on click on round trip option, Fernando enters 'Medellín, MDE - Colombia' into click on round trip option, Fernando clicks on click on round trip option, Fernando clicks on click on round trip option]], Then Know the options and prices that they offer me]]
[Test worker] WARN net.thucydides.core.steps.BaseStepListener - Final testOutcomes: [flights consultant in LATAM:Example: {trayecto=Solo ida, origen=Pereira, PEI - Colombia, destino=Medellín, MDE - Colombia, idafecha=jue. 9 de jun, vueltafecha=dom. 12 de jun} [Given LATAM Airlines Customer [Fernando open up [Fernando opens the Open latam page]], When check available flights
| trayecto | origen | destino | idafecha | vueltafecha |
| Solo ida | Pereira, PEI - Colombia | Medellín, MDE - Colombia | jue. 9 de jun | dom. 12 de jun | [Fernando consulta vuelos latam [Fernando clicks on click on round trip option, Fernando clicks on click go option, Fernando enters 'Pereira, PEI - Colombia' into click on round trip option, Fernando clicks on click on round trip option, Fernando enters 'Medellín, MDE - Colombia' into click on round trip option, Fernando clicks on click on round trip option, Fernando clicks on click on round trip option]], Then Know the options and prices that they offer me]]
[Test worker] INFO net.thucydides.core.steps.ConsoleLoggingListener - 
        __    _____ _____ ____ _____   ____   _    ____  ____  _____ ____  
  _     \ \  |_   _| ____/ ___|_   _| |  _ \ / \  / ___|/ ___|| ____|  _ \ 
 (_)_____| |   | | |  _| \___ \ | |   | |_) / _ \ \___ \\___ \|  _| | | | |
  _|_____| |   | | | |___ ___) || |   |  __/ ___ \ ___) |___) | |___| |_| |
 (_)     | |   |_| |_____|____/ |_|   |_| /_/   \_\____/|____/|_____|____/ 
        /_/                                                                

TEST PASSED: flights consultant in LATAM
----------------------------------------------------------------------------
[Test worker] WARN net.thucydides.core.steps.BaseStepListener - stepStarted: net.thucydides.core.steps.ExecutedStepDescription@7c09657
[Test worker] WARN net.thucydides.core.steps.BaseStepListener - stepStarted: net.thucydides.core.steps.ExecutedStepDescription@545d785b
[Test worker] WARN net.thucydides.core.steps.BaseStepListener - stepStarted: net.thucydides.core.steps.ExecutedStepDescription@7efc8fc0
may 03, 2022 2:15:03 PM org.openqa.selenium.remote.DesiredCapabilities chrome
INFORMACIÓN: Using `new ChromeOptions()` is preferred to `DesiredCapabilities.chrome()`
[Test worker] INFO net.serenitybdd.core.webdriver.driverproviders.ProvideNewDriver - Instantiating driver
[Test worker] INFO net.serenitybdd.core.webdriver.driverproviders.ProvideNewDriver - Driver capabilities: Capabilities {acceptInsecureCerts: false, browserName: chrome, chrome.switches: --start-maximized, goog:chromeOptions: {args: [--start-maximized], extensions: []}, loggingPrefs: org.openqa.selenium.logging..., platform: ANY, version: }
Starting ChromeDriver 100.0.4896.60 (6a5d10861ce8de5fce22564658033b43cb7de047-refs/branch-heads/4896@{#875}) on port 2196
Only local connections are allowed.
Please see https://chromedriver.chromium.org/security-considerations for suggestions on keeping ChromeDriver safe.
ChromeDriver was started successfully.
may 03, 2022 2:15:05 PM org.openqa.selenium.remote.ProtocolHandshake createSession
INFORMACIÓN: Detected dialect: W3C
[Test worker] WARN net.thucydides.core.steps.BaseStepListener - stepFinished: current outcome:flights consultant in LATAM:Example: {trayecto=Solo ida, origen=Pereira, PEI - Colombia, destino=Medellín, MDE - Colombia, idafecha=jue. 9 de jun, vueltafecha=dom. 12 de jun} [Given LATAM Airlines Customer [Fernando open up [Fernando opens the Open latam page]], When check available flights
| trayecto | origen | destino | idafecha | vueltafecha |
| Solo ida | Pereira, PEI - Colombia | Medellín, MDE - Colombia | jue. 9 de jun | dom. 12 de jun | [Fernando consulta vuelos latam [Fernando clicks on click on round trip option, Fernando clicks on click go option, Fernando enters 'Pereira, PEI - Colombia' into click on round trip option, Fernando clicks on click on round trip option, Fernando enters 'Medellín, MDE - Colombia' into click on round trip option, Fernando clicks on click on round trip option, Fernando clicks on click on round trip option]], Then Know the options and prices that they offer me], Example: {trayecto=Ida y Vuelta, origen=Pereira, PEI - Colombia, destino=Medellín, MDE - Colombia, idafecha=mié. 1 de jun, vueltafecha=vie. 3 de jun} [Given LATAM Airlines Customer [Fernando open up [Fernando opens the Open latam page]]]
[Test worker] WARN net.thucydides.core.steps.BaseStepListener - stepFinished: current outcome:flights consultant in LATAM:Example: {trayecto=Solo ida, origen=Pereira, PEI - Colombia, destino=Medellín, MDE - Colombia, idafecha=jue. 9 de jun, vueltafecha=dom. 12 de jun} [Given LATAM Airlines Customer [Fernando open up [Fernando opens the Open latam page]], When check available flights
| trayecto | origen | destino | idafecha | vueltafecha |
| Solo ida | Pereira, PEI - Colombia | Medellín, MDE - Colombia | jue. 9 de jun | dom. 12 de jun | [Fernando consulta vuelos latam [Fernando clicks on click on round trip option, Fernando clicks on click go option, Fernando enters 'Pereira, PEI - Colombia' into click on round trip option, Fernando clicks on click on round trip option, Fernando enters 'Medellín, MDE - Colombia' into click on round trip option, Fernando clicks on click on round trip option, Fernando clicks on click on round trip option]], Then Know the options and prices that they offer me], Example: {trayecto=Ida y Vuelta, origen=Pereira, PEI - Colombia, destino=Medellín, MDE - Colombia, idafecha=mié. 1 de jun, vueltafecha=vie. 3 de jun} [Given LATAM Airlines Customer [Fernando open up [Fernando opens the Open latam page]]]
[Test worker] WARN net.thucydides.core.steps.BaseStepListener - stepFinished: current outcome:flights consultant in LATAM:Example: {trayecto=Solo ida, origen=Pereira, PEI - Colombia, destino=Medellín, MDE - Colombia, idafecha=jue. 9 de jun, vueltafecha=dom. 12 de jun} [Given LATAM Airlines Customer [Fernando open up [Fernando opens the Open latam page]], When check available flights
| trayecto | origen | destino | idafecha | vueltafecha |
| Solo ida | Pereira, PEI - Colombia | Medellín, MDE - Colombia | jue. 9 de jun | dom. 12 de jun | [Fernando consulta vuelos latam [Fernando clicks on click on round trip option, Fernando clicks on click go option, Fernando enters 'Pereira, PEI - Colombia' into click on round trip option, Fernando clicks on click on round trip option, Fernando enters 'Medellín, MDE - Colombia' into click on round trip option, Fernando clicks on click on round trip option, Fernando clicks on click on round trip option]], Then Know the options and prices that they offer me], Example: {trayecto=Ida y Vuelta, origen=Pereira, PEI - Colombia, destino=Medellín, MDE - Colombia, idafecha=mié. 1 de jun, vueltafecha=vie. 3 de jun} [Given LATAM Airlines Customer [Fernando open up [Fernando opens the Open latam page]]]
[Test worker] WARN net.thucydides.core.steps.BaseStepListener - stepStarted: net.thucydides.core.steps.ExecutedStepDescription@13a417e7
[Test worker] WARN net.thucydides.core.steps.BaseStepListener - stepStarted: net.thucydides.core.steps.ExecutedStepDescription@70b10905
[Test worker] WARN net.thucydides.core.steps.BaseStepListener - stepStarted: net.thucydides.core.steps.ExecutedStepDescription@7f21a62f
[Test worker] WARN net.thucydides.core.steps.BaseStepListener - stepFinished: current outcome:flights consultant in LATAM:Example: {trayecto=Solo ida, origen=Pereira, PEI - Colombia, destino=Medellín, MDE - Colombia, idafecha=jue. 9 de jun, vueltafecha=dom. 12 de jun} [Given LATAM Airlines Customer [Fernando open up [Fernando opens the Open latam page]], When check available flights
| trayecto | origen | destino | idafecha | vueltafecha |
| Solo ida | Pereira, PEI - Colombia | Medellín, MDE - Colombia | jue. 9 de jun | dom. 12 de jun | [Fernando consulta vuelos latam [Fernando clicks on click on round trip option, Fernando clicks on click go option, Fernando enters 'Pereira, PEI - Colombia' into click on round trip option, Fernando clicks on click on round trip option, Fernando enters 'Medellín, MDE - Colombia' into click on round trip option, Fernando clicks on click on round trip option, Fernando clicks on click on round trip option]], Then Know the options and prices that they offer me], Example: {trayecto=Ida y Vuelta, origen=Pereira, PEI - Colombia, destino=Medellín, MDE - Colombia, idafecha=mié. 1 de jun, vueltafecha=vie. 3 de jun} [Given LATAM Airlines Customer [Fernando open up [Fernando opens the Open latam page]], When check available flights
| trayecto | origen | destino | idafecha | vueltafecha |
| Ida y Vuelta | Pereira, PEI - Colombia | Medellín, MDE - Colombia | mié. 1 de jun | vie. 3 de jun | [Fernando consulta vuelos latam [Fernando clicks on click on round trip option]]]
[Test worker] WARN net.thucydides.core.steps.BaseStepListener - stepStarted: net.thucydides.core.steps.ExecutedStepDescription@27a2a9b8
[Test worker] WARN net.thucydides.core.steps.BaseStepListener - stepFinished: current outcome:flights consultant in LATAM:Example: {trayecto=Solo ida, origen=Pereira, PEI - Colombia, destino=Medellín, MDE - Colombia, idafecha=jue. 9 de jun, vueltafecha=dom. 12 de jun} [Given LATAM Airlines Customer [Fernando open up [Fernando opens the Open latam page]], When check available flights
| trayecto | origen | destino | idafecha | vueltafecha |
| Solo ida | Pereira, PEI - Colombia | Medellín, MDE - Colombia | jue. 9 de jun | dom. 12 de jun | [Fernando consulta vuelos latam [Fernando clicks on click on round trip option, Fernando clicks on click go option, Fernando enters 'Pereira, PEI - Colombia' into click on round trip option, Fernando clicks on click on round trip option, Fernando enters 'Medellín, MDE - Colombia' into click on round trip option, Fernando clicks on click on round trip option, Fernando clicks on click on round trip option]], Then Know the options and prices that they offer me], Example: {trayecto=Ida y Vuelta, origen=Pereira, PEI - Colombia, destino=Medellín, MDE - Colombia, idafecha=mié. 1 de jun, vueltafecha=vie. 3 de jun} [Given LATAM Airlines Customer [Fernando open up [Fernando opens the Open latam page]], When check available flights
| trayecto | origen | destino | idafecha | vueltafecha |
| Ida y Vuelta | Pereira, PEI - Colombia | Medellín, MDE - Colombia | mié. 1 de jun | vie. 3 de jun | [Fernando consulta vuelos latam [Fernando clicks on click on round trip option, Fernando clicks on click on round trip option]]]
[Test worker] WARN net.thucydides.core.steps.BaseStepListener - stepStarted: net.thucydides.core.steps.ExecutedStepDescription@66a7ab4e
[Test worker] WARN net.thucydides.core.steps.BaseStepListener - stepFinished: current outcome:flights consultant in LATAM:Example: {trayecto=Solo ida, origen=Pereira, PEI - Colombia, destino=Medellín, MDE - Colombia, idafecha=jue. 9 de jun, vueltafecha=dom. 12 de jun} [Given LATAM Airlines Customer [Fernando open up [Fernando opens the Open latam page]], When check available flights
| trayecto | origen | destino | idafecha | vueltafecha |
| Solo ida | Pereira, PEI - Colombia | Medellín, MDE - Colombia | jue. 9 de jun | dom. 12 de jun | [Fernando consulta vuelos latam [Fernando clicks on click on round trip option, Fernando clicks on click go option, Fernando enters 'Pereira, PEI - Colombia' into click on round trip option, Fernando clicks on click on round trip option, Fernando enters 'Medellín, MDE - Colombia' into click on round trip option, Fernando clicks on click on round trip option, Fernando clicks on click on round trip option]], Then Know the options and prices that they offer me], Example: {trayecto=Ida y Vuelta, origen=Pereira, PEI - Colombia, destino=Medellín, MDE - Colombia, idafecha=mié. 1 de jun, vueltafecha=vie. 3 de jun} [Given LATAM Airlines Customer [Fernando open up [Fernando opens the Open latam page]], When check available flights
| trayecto | origen | destino | idafecha | vueltafecha |
| Ida y Vuelta | Pereira, PEI - Colombia | Medellín, MDE - Colombia | mié. 1 de jun | vie. 3 de jun | [Fernando consulta vuelos latam [Fernando clicks on click on round trip option, Fernando clicks on click on round trip option, Fernando enters 'Pereira, PEI - Colombia' into click on round trip option]]]
[Test worker] WARN net.thucydides.core.steps.BaseStepListener - stepStarted: net.thucydides.core.steps.ExecutedStepDescription@7c1ea619
[Test worker] WARN net.thucydides.core.steps.BaseStepListener - stepFinished: current outcome:flights consultant in LATAM:Example: {trayecto=Solo ida, origen=Pereira, PEI - Colombia, destino=Medellín, MDE - Colombia, idafecha=jue. 9 de jun, vueltafecha=dom. 12 de jun} [Given LATAM Airlines Customer [Fernando open up [Fernando opens the Open latam page]], When check available flights
| trayecto | origen | destino | idafecha | vueltafecha |
| Solo ida | Pereira, PEI - Colombia | Medellín, MDE - Colombia | jue. 9 de jun | dom. 12 de jun | [Fernando consulta vuelos latam [Fernando clicks on click on round trip option, Fernando clicks on click go option, Fernando enters 'Pereira, PEI - Colombia' into click on round trip option, Fernando clicks on click on round trip option, Fernando enters 'Medellín, MDE - Colombia' into click on round trip option, Fernando clicks on click on round trip option, Fernando clicks on click on round trip option]], Then Know the options and prices that they offer me], Example: {trayecto=Ida y Vuelta, origen=Pereira, PEI - Colombia, destino=Medellín, MDE - Colombia, idafecha=mié. 1 de jun, vueltafecha=vie. 3 de jun} [Given LATAM Airlines Customer [Fernando open up [Fernando opens the Open latam page]], When check available flights
| trayecto | origen | destino | idafecha | vueltafecha |
| Ida y Vuelta | Pereira, PEI - Colombia | Medellín, MDE - Colombia | mié. 1 de jun | vie. 3 de jun | [Fernando consulta vuelos latam [Fernando clicks on click on round trip option, Fernando clicks on click on round trip option, Fernando enters 'Pereira, PEI - Colombia' into click on round trip option, Fernando clicks on click on round trip option]]]
[Test worker] WARN net.thucydides.core.steps.BaseStepListener - stepStarted: net.thucydides.core.steps.ExecutedStepDescription@65ffe26b
[Test worker] WARN net.thucydides.core.steps.BaseStepListener - stepFinished: current outcome:flights consultant in LATAM:Example: {trayecto=Solo ida, origen=Pereira, PEI - Colombia, destino=Medellín, MDE - Colombia, idafecha=jue. 9 de jun, vueltafecha=dom. 12 de jun} [Given LATAM Airlines Customer [Fernando open up [Fernando opens the Open latam page]], When check available flights
| trayecto | origen | destino | idafecha | vueltafecha |
| Solo ida | Pereira, PEI - Colombia | Medellín, MDE - Colombia | jue. 9 de jun | dom. 12 de jun | [Fernando consulta vuelos latam [Fernando clicks on click on round trip option, Fernando clicks on click go option, Fernando enters 'Pereira, PEI - Colombia' into click on round trip option, Fernando clicks on click on round trip option, Fernando enters 'Medellín, MDE - Colombia' into click on round trip option, Fernando clicks on click on round trip option, Fernando clicks on click on round trip option]], Then Know the options and prices that they offer me], Example: {trayecto=Ida y Vuelta, origen=Pereira, PEI - Colombia, destino=Medellín, MDE - Colombia, idafecha=mié. 1 de jun, vueltafecha=vie. 3 de jun} [Given LATAM Airlines Customer [Fernando open up [Fernando opens the Open latam page]], When check available flights
| trayecto | origen | destino | idafecha | vueltafecha |
| Ida y Vuelta | Pereira, PEI - Colombia | Medellín, MDE - Colombia | mié. 1 de jun | vie. 3 de jun | [Fernando consulta vuelos latam [Fernando clicks on click on round trip option, Fernando clicks on click on round trip option, Fernando enters 'Pereira, PEI - Colombia' into click on round trip option, Fernando clicks on click on round trip option, Fernando enters 'Medellín, MDE - Colombia' into click on round trip option]]]
[Test worker] WARN net.thucydides.core.steps.BaseStepListener - stepStarted: net.thucydides.core.steps.ExecutedStepDescription@8c225da
[Test worker] WARN net.thucydides.core.steps.BaseStepListener - stepFinished: current outcome:flights consultant in LATAM:Example: {trayecto=Solo ida, origen=Pereira, PEI - Colombia, destino=Medellín, MDE - Colombia, idafecha=jue. 9 de jun, vueltafecha=dom. 12 de jun} [Given LATAM Airlines Customer [Fernando open up [Fernando opens the Open latam page]], When check available flights
| trayecto | origen | destino | idafecha | vueltafecha |
| Solo ida | Pereira, PEI - Colombia | Medellín, MDE - Colombia | jue. 9 de jun | dom. 12 de jun | [Fernando consulta vuelos latam [Fernando clicks on click on round trip option, Fernando clicks on click go option, Fernando enters 'Pereira, PEI - Colombia' into click on round trip option, Fernando clicks on click on round trip option, Fernando enters 'Medellín, MDE - Colombia' into click on round trip option, Fernando clicks on click on round trip option, Fernando clicks on click on round trip option]], Then Know the options and prices that they offer me], Example: {trayecto=Ida y Vuelta, origen=Pereira, PEI - Colombia, destino=Medellín, MDE - Colombia, idafecha=mié. 1 de jun, vueltafecha=vie. 3 de jun} [Given LATAM Airlines Customer [Fernando open up [Fernando opens the Open latam page]], When check available flights
| trayecto | origen | destino | idafecha | vueltafecha |
| Ida y Vuelta | Pereira, PEI - Colombia | Medellín, MDE - Colombia | mié. 1 de jun | vie. 3 de jun | [Fernando consulta vuelos latam [Fernando clicks on click on round trip option, Fernando clicks on click on round trip option, Fernando enters 'Pereira, PEI - Colombia' into click on round trip option, Fernando clicks on click on round trip option, Fernando enters 'Medellín, MDE - Colombia' into click on round trip option, Fernando clicks on click on round trip option]]]
[Test worker] WARN net.thucydides.core.steps.BaseStepListener - stepStarted: net.thucydides.core.steps.ExecutedStepDescription@4f1bbb1c
[Test worker] WARN net.thucydides.core.steps.BaseStepListener - stepFinished: current outcome:flights consultant in LATAM:Example: {trayecto=Solo ida, origen=Pereira, PEI - Colombia, destino=Medellín, MDE - Colombia, idafecha=jue. 9 de jun, vueltafecha=dom. 12 de jun} [Given LATAM Airlines Customer [Fernando open up [Fernando opens the Open latam page]], When check available flights
| trayecto | origen | destino | idafecha | vueltafecha |
| Solo ida | Pereira, PEI - Colombia | Medellín, MDE - Colombia | jue. 9 de jun | dom. 12 de jun | [Fernando consulta vuelos latam [Fernando clicks on click on round trip option, Fernando clicks on click go option, Fernando enters 'Pereira, PEI - Colombia' into click on round trip option, Fernando clicks on click on round trip option, Fernando enters 'Medellín, MDE - Colombia' into click on round trip option, Fernando clicks on click on round trip option, Fernando clicks on click on round trip option]], Then Know the options and prices that they offer me], Example: {trayecto=Ida y Vuelta, origen=Pereira, PEI - Colombia, destino=Medellín, MDE - Colombia, idafecha=mié. 1 de jun, vueltafecha=vie. 3 de jun} [Given LATAM Airlines Customer [Fernando open up [Fernando opens the Open latam page]], When check available flights
| trayecto | origen | destino | idafecha | vueltafecha |
| Ida y Vuelta | Pereira, PEI - Colombia | Medellín, MDE - Colombia | mié. 1 de jun | vie. 3 de jun | [Fernando consulta vuelos latam [Fernando clicks on click on round trip option, Fernando clicks on click on round trip option, Fernando enters 'Pereira, PEI - Colombia' into click on round trip option, Fernando clicks on click on round trip option, Fernando enters 'Medellín, MDE - Colombia' into click on round trip option, Fernando clicks on click on round trip option, Fernando clicks on click on round trip option]]]
[Test worker] WARN net.thucydides.core.steps.BaseStepListener - stepFinished: current outcome:flights consultant in LATAM:Example: {trayecto=Solo ida, origen=Pereira, PEI - Colombia, destino=Medellín, MDE - Colombia, idafecha=jue. 9 de jun, vueltafecha=dom. 12 de jun} [Given LATAM Airlines Customer [Fernando open up [Fernando opens the Open latam page]], When check available flights
| trayecto | origen | destino | idafecha | vueltafecha |
| Solo ida | Pereira, PEI - Colombia | Medellín, MDE - Colombia | jue. 9 de jun | dom. 12 de jun | [Fernando consulta vuelos latam [Fernando clicks on click on round trip option, Fernando clicks on click go option, Fernando enters 'Pereira, PEI - Colombia' into click on round trip option, Fernando clicks on click on round trip option, Fernando enters 'Medellín, MDE - Colombia' into click on round trip option, Fernando clicks on click on round trip option, Fernando clicks on click on round trip option]], Then Know the options and prices that they offer me], Example: {trayecto=Ida y Vuelta, origen=Pereira, PEI - Colombia, destino=Medellín, MDE - Colombia, idafecha=mié. 1 de jun, vueltafecha=vie. 3 de jun} [Given LATAM Airlines Customer [Fernando open up [Fernando opens the Open latam page]], When check available flights
| trayecto | origen | destino | idafecha | vueltafecha |
| Ida y Vuelta | Pereira, PEI - Colombia | Medellín, MDE - Colombia | mié. 1 de jun | vie. 3 de jun | [Fernando consulta vuelos latam [Fernando clicks on click on round trip option, Fernando clicks on click on round trip option, Fernando enters 'Pereira, PEI - Colombia' into click on round trip option, Fernando clicks on click on round trip option, Fernando enters 'Medellín, MDE - Colombia' into click on round trip option, Fernando clicks on click on round trip option, Fernando clicks on click on round trip option]]]
[Test worker] WARN net.thucydides.core.steps.BaseStepListener - stepFinished: current outcome:flights consultant in LATAM:Example: {trayecto=Solo ida, origen=Pereira, PEI - Colombia, destino=Medellín, MDE - Colombia, idafecha=jue. 9 de jun, vueltafecha=dom. 12 de jun} [Given LATAM Airlines Customer [Fernando open up [Fernando opens the Open latam page]], When check available flights
| trayecto | origen | destino | idafecha | vueltafecha |
| Solo ida | Pereira, PEI - Colombia | Medellín, MDE - Colombia | jue. 9 de jun | dom. 12 de jun | [Fernando consulta vuelos latam [Fernando clicks on click on round trip option, Fernando clicks on click go option, Fernando enters 'Pereira, PEI - Colombia' into click on round trip option, Fernando clicks on click on round trip option, Fernando enters 'Medellín, MDE - Colombia' into click on round trip option, Fernando clicks on click on round trip option, Fernando clicks on click on round trip option]], Then Know the options and prices that they offer me], Example: {trayecto=Ida y Vuelta, origen=Pereira, PEI - Colombia, destino=Medellín, MDE - Colombia, idafecha=mié. 1 de jun, vueltafecha=vie. 3 de jun} [Given LATAM Airlines Customer [Fernando open up [Fernando opens the Open latam page]], When check available flights
| trayecto | origen | destino | idafecha | vueltafecha |
| Ida y Vuelta | Pereira, PEI - Colombia | Medellín, MDE - Colombia | mié. 1 de jun | vie. 3 de jun | [Fernando consulta vuelos latam [Fernando clicks on click on round trip option, Fernando clicks on click on round trip option, Fernando enters 'Pereira, PEI - Colombia' into click on round trip option, Fernando clicks on click on round trip option, Fernando enters 'Medellín, MDE - Colombia' into click on round trip option, Fernando clicks on click on round trip option, Fernando clicks on click on round trip option]]]
[Test worker] WARN net.thucydides.core.steps.BaseStepListener - stepStarted: net.thucydides.core.steps.ExecutedStepDescription@7f355779
[Test worker] WARN net.thucydides.core.steps.BaseStepListener - stepFinished: current outcome:flights consultant in LATAM:Example: {trayecto=Solo ida, origen=Pereira, PEI - Colombia, destino=Medellín, MDE - Colombia, idafecha=jue. 9 de jun, vueltafecha=dom. 12 de jun} [Given LATAM Airlines Customer [Fernando open up [Fernando opens the Open latam page]], When check available flights
| trayecto | origen | destino | idafecha | vueltafecha |
| Solo ida | Pereira, PEI - Colombia | Medellín, MDE - Colombia | jue. 9 de jun | dom. 12 de jun | [Fernando consulta vuelos latam [Fernando clicks on click on round trip option, Fernando clicks on click go option, Fernando enters 'Pereira, PEI - Colombia' into click on round trip option, Fernando clicks on click on round trip option, Fernando enters 'Medellín, MDE - Colombia' into click on round trip option, Fernando clicks on click on round trip option, Fernando clicks on click on round trip option]], Then Know the options and prices that they offer me], Example: {trayecto=Ida y Vuelta, origen=Pereira, PEI - Colombia, destino=Medellín, MDE - Colombia, idafecha=mié. 1 de jun, vueltafecha=vie. 3 de jun} [Given LATAM Airlines Customer [Fernando open up [Fernando opens the Open latam page]], When check available flights
| trayecto | origen | destino | idafecha | vueltafecha |
| Ida y Vuelta | Pereira, PEI - Colombia | Medellín, MDE - Colombia | mié. 1 de jun | vie. 3 de jun | [Fernando consulta vuelos latam [Fernando clicks on click on round trip option, Fernando clicks on click on round trip option, Fernando enters 'Pereira, PEI - Colombia' into click on round trip option, Fernando clicks on click on round trip option, Fernando enters 'Medellín, MDE - Colombia' into click on round trip option, Fernando clicks on click on round trip option, Fernando clicks on click on round trip option]], Then Know the options and prices that they offer me]
[Test worker] WARN net.thucydides.core.steps.BaseStepListener - stepFinished: current outcome:flights consultant in LATAM:Example: {trayecto=Solo ida, origen=Pereira, PEI - Colombia, destino=Medellín, MDE - Colombia, idafecha=jue. 9 de jun, vueltafecha=dom. 12 de jun} [Given LATAM Airlines Customer [Fernando open up [Fernando opens the Open latam page]], When check available flights
| trayecto | origen | destino | idafecha | vueltafecha |
| Solo ida | Pereira, PEI - Colombia | Medellín, MDE - Colombia | jue. 9 de jun | dom. 12 de jun | [Fernando consulta vuelos latam [Fernando clicks on click on round trip option, Fernando clicks on click go option, Fernando enters 'Pereira, PEI - Colombia' into click on round trip option, Fernando clicks on click on round trip option, Fernando enters 'Medellín, MDE - Colombia' into click on round trip option, Fernando clicks on click on round trip option, Fernando clicks on click on round trip option]], Then Know the options and prices that they offer me], Example: {trayecto=Ida y Vuelta, origen=Pereira, PEI - Colombia, destino=Medellín, MDE - Colombia, idafecha=mié. 1 de jun, vueltafecha=vie. 3 de jun} [Given LATAM Airlines Customer [Fernando open up [Fernando opens the Open latam page]], When check available flights
| trayecto | origen | destino | idafecha | vueltafecha |
| Ida y Vuelta | Pereira, PEI - Colombia | Medellín, MDE - Colombia | mié. 1 de jun | vie. 3 de jun | [Fernando consulta vuelos latam [Fernando clicks on click on round trip option, Fernando clicks on click on round trip option, Fernando enters 'Pereira, PEI - Colombia' into click on round trip option, Fernando clicks on click on round trip option, Fernando enters 'Medellín, MDE - Colombia' into click on round trip option, Fernando clicks on click on round trip option, Fernando clicks on click on round trip option]], Then Know the options and prices that they offer me]
[Test worker] WARN net.thucydides.core.steps.BaseStepListener - testFinished: flights consultant in LATAM:Example: {trayecto=Solo ida, origen=Pereira, PEI - Colombia, destino=Medellín, MDE - Colombia, idafecha=jue. 9 de jun, vueltafecha=dom. 12 de jun} [Given LATAM Airlines Customer [Fernando open up [Fernando opens the Open latam page]], When check available flights
| trayecto | origen | destino | idafecha | vueltafecha |
| Solo ida | Pereira, PEI - Colombia | Medellín, MDE - Colombia | jue. 9 de jun | dom. 12 de jun | [Fernando consulta vuelos latam [Fernando clicks on click on round trip option, Fernando clicks on click go option, Fernando enters 'Pereira, PEI - Colombia' into click on round trip option, Fernando clicks on click on round trip option, Fernando enters 'Medellín, MDE - Colombia' into click on round trip option, Fernando clicks on click on round trip option, Fernando clicks on click on round trip option]], Then Know the options and prices that they offer me], Example: {trayecto=Ida y Vuelta, origen=Pereira, PEI - Colombia, destino=Medellín, MDE - Colombia, idafecha=mié. 1 de jun, vueltafecha=vie. 3 de jun} [Given LATAM Airlines Customer [Fernando open up [Fernando opens the Open latam page]], When check available flights
| trayecto | origen | destino | idafecha | vueltafecha |
| Ida y Vuelta | Pereira, PEI - Colombia | Medellín, MDE - Colombia | mié. 1 de jun | vie. 3 de jun | [Fernando consulta vuelos latam [Fernando clicks on click on round trip option, Fernando clicks on click on round trip option, Fernando enters 'Pereira, PEI - Colombia' into click on round trip option, Fernando clicks on click on round trip option, Fernando enters 'Medellín, MDE - Colombia' into click on round trip option, Fernando clicks on click on round trip option, Fernando clicks on click on round trip option]], Then Know the options and prices that they offer me]
[Test worker] WARN net.thucydides.core.steps.BaseStepListener - TestOutcomes: [flights consultant in LATAM:Example: {trayecto=Solo ida, origen=Pereira, PEI - Colombia, destino=Medellín, MDE - Colombia, idafecha=jue. 9 de jun, vueltafecha=dom. 12 de jun} [Given LATAM Airlines Customer [Fernando open up [Fernando opens the Open latam page]], When check available flights
| trayecto | origen | destino | idafecha | vueltafecha |
| Solo ida | Pereira, PEI - Colombia | Medellín, MDE - Colombia | jue. 9 de jun | dom. 12 de jun | [Fernando consulta vuelos latam [Fernando clicks on click on round trip option, Fernando clicks on click go option, Fernando enters 'Pereira, PEI - Colombia' into click on round trip option, Fernando clicks on click on round trip option, Fernando enters 'Medellín, MDE - Colombia' into click on round trip option, Fernando clicks on click on round trip option, Fernando clicks on click on round trip option]], Then Know the options and prices that they offer me], Example: {trayecto=Ida y Vuelta, origen=Pereira, PEI - Colombia, destino=Medellín, MDE - Colombia, idafecha=mié. 1 de jun, vueltafecha=vie. 3 de jun} [Given LATAM Airlines Customer [Fernando open up [Fernando opens the Open latam page]], When check available flights
| trayecto | origen | destino | idafecha | vueltafecha |
| Ida y Vuelta | Pereira, PEI - Colombia | Medellín, MDE - Colombia | mié. 1 de jun | vie. 3 de jun | [Fernando consulta vuelos latam [Fernando clicks on click on round trip option, Fernando clicks on click on round trip option, Fernando enters 'Pereira, PEI - Colombia' into click on round trip option, Fernando clicks on click on round trip option, Fernando enters 'Medellín, MDE - Colombia' into click on round trip option, Fernando clicks on click on round trip option, Fernando clicks on click on round trip option]], Then Know the options and prices that they offer me]]
[Test worker] WARN net.thucydides.core.steps.BaseStepListener - Final testOutcomes: [flights consultant in LATAM:Example: {trayecto=Solo ida, origen=Pereira, PEI - Colombia, destino=Medellín, MDE - Colombia, idafecha=jue. 9 de jun, vueltafecha=dom. 12 de jun} [Given LATAM Airlines Customer [Fernando open up [Fernando opens the Open latam page]], When check available flights
| trayecto | origen | destino | idafecha | vueltafecha |
| Solo ida | Pereira, PEI - Colombia | Medellín, MDE - Colombia | jue. 9 de jun | dom. 12 de jun | [Fernando consulta vuelos latam [Fernando clicks on click on round trip option, Fernando clicks on click go option, Fernando enters 'Pereira, PEI - Colombia' into click on round trip option, Fernando clicks on click on round trip option, Fernando enters 'Medellín, MDE - Colombia' into click on round trip option, Fernando clicks on click on round trip option, Fernando clicks on click on round trip option]], Then Know the options and prices that they offer me], Example: {trayecto=Ida y Vuelta, origen=Pereira, PEI - Colombia, destino=Medellín, MDE - Colombia, idafecha=mié. 1 de jun, vueltafecha=vie. 3 de jun} [Given LATAM Airlines Customer [Fernando open up [Fernando opens the Open latam page]], When check available flights
| trayecto | origen | destino | idafecha | vueltafecha |
| Ida y Vuelta | Pereira, PEI - Colombia | Medellín, MDE - Colombia | mié. 1 de jun | vie. 3 de jun | [Fernando consulta vuelos latam [Fernando clicks on click on round trip option, Fernando clicks on click on round trip option, Fernando enters 'Pereira, PEI - Colombia' into click on round trip option, Fernando clicks on click on round trip option, Fernando enters 'Medellín, MDE - Colombia' into click on round trip option, Fernando clicks on click on round trip option, Fernando clicks on click on round trip option]], Then Know the options and prices that they offer me]]
[Test worker] INFO net.thucydides.core.steps.ConsoleLoggingListener - 
        __    _____ _____ ____ _____   ____   _    ____  ____  _____ ____  
  _     \ \  |_   _| ____/ ___|_   _| |  _ \ / \  / ___|/ ___|| ____|  _ \ 
 (_)_____| |   | | |  _| \___ \ | |   | |_) / _ \ \___ \\___ \|  _| | | | |
  _|_____| |   | | | |___ ___) || |   |  __/ ___ \ ___) |___) | |___| |_| |
 (_)     | |   |_| |_____|____/ |_|   |_| /_/   \_\____/|____/|_____|____/ 
        /_/                                                                

TEST PASSED: flights consultant in LATAM
----------------------------------------------------------------------------
]]></system-err>
</testsuite>
